<?xml version="1.0" encoding="UTF-8"?>
<!-- Generated by org.testng.reporters.JUnitReportReporter -->
<testsuite skipped="0" hostname="Zeus-PC" name="test.Test_Jenkins" tests="1" failures="0" timestamp="28 Aug 2018 15:54:44 GMT" time="0.225" errors="0">
  <testcase name="f" time="0.225" classname="test.Test_Jenkins"/>
</testsuite> <!-- test.Test_Jenkins -->
